[2019-04-30 06:42:47] request.INFO: Matched route "api_translation_value_reset". {"route":"api_translation_value_reset","route_parameters":{"_controller":"prestashop.core.api.translation.controller:translationResetAction","_route":"api_translation_value_reset"},"request_uri":"https://www.deoliver.com/cn/backoffice/index.php/api/translation/reset?_token=rDBEgrEkrhENIAjquoenwpYFaf1HzdYv5KKKED4hUfI","method":"POST"} []
[2019-04-30 06:42:47] security.DEBUG: Read existing security token from the session. {"key":"_security_main","token_class":"Symfony\\Component\\Security\\Core\\Authentication\\Token\\UsernamePasswordToken"} []
[2019-04-30 06:42:47] security.DEBUG: User was reloaded from a user provider. {"provider":"PrestaShopBundle\\Security\\Admin\\EmployeeProvider","username":"admin@deoliver.com"} []
[2019-04-30 06:42:47] app.ERROR: EntityManager#remove() expects parameter 1 to be an entity object, NULL given. [] []
[2019-04-30 06:42:47] cache.WARNING: Failed to clear the cache {"exception":"[object] (UnexpectedValueException(code: 0): RecursiveDirectoryIterator::__construct(/home/deolive1/public_html/cn/var/cache/prod/pools/2Cv56sTR1z/): failed to open dir: No such file or directory at /home/deolive1/public_html/cn/vendor/symfony/symfony/src/Symfony/Component/Cache/Traits/FilesystemCommonTrait.php:58)"} []
[2019-04-30 06:42:47] cache.WARNING: Failed to clear the cache {"exception":"[object] (UnexpectedValueException(code: 0): RecursiveDirectoryIterator::__construct(/home/deolive1/public_html/cn/var/cache/prod/pools/nC9YAlmShG/): failed to open dir: No such file or directory at /home/deolive1/public_html/cn/vendor/symfony/symfony/src/Symfony/Component/Cache/Traits/FilesystemCommonTrait.php:58)"} []
[2019-04-30 06:42:47] cache.WARNING: Failed to clear the cache {"exception":"[object] (UnexpectedValueException(code: 0): RecursiveDirectoryIterator::__construct(/home/deolive1/public_html/cn/var/cache/prod/pools/C5pK5Z4ifk/): failed to open dir: No such file or directory at /home/deolive1/public_html/cn/vendor/symfony/symfony/src/Symfony/Component/Cache/Traits/FilesystemCommonTrait.php:58)"} []
[2019-04-30 06:42:47] cache.WARNING: Failed to clear the cache {"exception":"[object] (UnexpectedValueException(code: 0): RecursiveDirectoryIterator::__construct(/home/deolive1/public_html/cn/var/cache/prod/pools/xbIu8xlzQ2/): failed to open dir: No such file or directory at /home/deolive1/public_html/cn/vendor/symfony/symfony/src/Symfony/Component/Cache/Traits/FilesystemCommonTrait.php:58)"} []
[2019-04-30 06:42:47] security.DEBUG: Stored the security token in the session. {"key":"_security_main"} []
[2019-04-30 07:24:07] request.INFO: Matched route "api_translation_value_edit". {"route":"api_translation_value_edit","route_parameters":{"_controller":"prestashop.core.api.translation.controller:translationEditAction","_route":"api_translation_value_edit"},"request_uri":"https://www.deoliver.com/cn/backoffice/index.php/api/translation/edit?_token=rDBEgrEkrhENIAjquoenwpYFaf1HzdYv5KKKED4hUfI","method":"POST"} []
[2019-04-30 07:24:07] security.DEBUG: Read existing security token from the session. {"key":"_security_main","token_class":"Symfony\\Component\\Security\\Core\\Authentication\\Token\\UsernamePasswordToken"} []
[2019-04-30 07:24:07] security.DEBUG: User was reloaded from a user provider. {"provider":"PrestaShopBundle\\Security\\Admin\\EmployeeProvider","username":"admin@deoliver.com"} []
[2019-04-30 07:24:07] app.ERROR: You must specify as many arguments (%d, %s ...) as the original string. [] []
[2019-04-30 07:24:07] cache.WARNING: Failed to clear the cache {"exception":"[object] (UnexpectedValueException(code: 0): RecursiveDirectoryIterator::__construct(/home/deolive1/public_html/cn/var/cache/prod/pools/2Cv56sTR1z/): failed to open dir: No such file or directory at /home/deolive1/public_html/cn/vendor/symfony/symfony/src/Symfony/Component/Cache/Traits/FilesystemCommonTrait.php:58)"} []
[2019-04-30 07:24:07] cache.WARNING: Failed to clear the cache {"exception":"[object] (UnexpectedValueException(code: 0): RecursiveDirectoryIterator::__construct(/home/deolive1/public_html/cn/var/cache/prod/pools/nC9YAlmShG/): failed to open dir: No such file or directory at /home/deolive1/public_html/cn/vendor/symfony/symfony/src/Symfony/Component/Cache/Traits/FilesystemCommonTrait.php:58)"} []
[2019-04-30 07:24:07] cache.WARNING: Failed to clear the cache {"exception":"[object] (UnexpectedValueException(code: 0): RecursiveDirectoryIterator::__construct(/home/deolive1/public_html/cn/var/cache/prod/pools/C5pK5Z4ifk/): failed to open dir: No such file or directory at /home/deolive1/public_html/cn/vendor/symfony/symfony/src/Symfony/Component/Cache/Traits/FilesystemCommonTrait.php:58)"} []
[2019-04-30 07:24:07] cache.WARNING: Failed to clear the cache {"exception":"[object] (UnexpectedValueException(code: 0): RecursiveDirectoryIterator::__construct(/home/deolive1/public_html/cn/var/cache/prod/pools/xbIu8xlzQ2/): failed to open dir: No such file or directory at /home/deolive1/public_html/cn/vendor/symfony/symfony/src/Symfony/Component/Cache/Traits/FilesystemCommonTrait.php:58)"} []
[2019-04-30 07:24:07] security.DEBUG: Stored the security token in the session. {"key":"_security_main"} []
[2019-04-30 09:25:06] request.INFO: Matched route "api_translation_value_edit". {"route":"api_translation_value_edit","route_parameters":{"_controller":"prestashop.core.api.translation.controller:translationEditAction","_route":"api_translation_value_edit"},"request_uri":"https://www.deoliver.com/cn/backoffice/index.php/api/translation/edit?_token=bqpuCPNEAfVuYTKCBtnVaQzZzrJE0ainuGKILqFy--M","method":"POST"} []
[2019-04-30 09:25:06] security.DEBUG: Read existing security token from the session. {"key":"_security_main","token_class":"Symfony\\Component\\Security\\Core\\Authentication\\Token\\UsernamePasswordToken"} []
[2019-04-30 09:25:06] security.DEBUG: User was reloaded from a user provider. {"provider":"PrestaShopBundle\\Security\\Admin\\EmployeeProvider","username":"admin@deoliver.com"} []
[2019-04-30 09:25:06] app.ERROR: You must specify as many arguments (%d, %s ...) as the original string. [] []
[2019-04-30 09:25:06] cache.WARNING: Failed to clear the cache {"exception":"[object] (UnexpectedValueException(code: 0): RecursiveDirectoryIterator::__construct(/home/deolive1/public_html/cn/var/cache/prod/pools/2Cv56sTR1z/): failed to open dir: No such file or directory at /home/deolive1/public_html/cn/vendor/symfony/symfony/src/Symfony/Component/Cache/Traits/FilesystemCommonTrait.php:58)"} []
[2019-04-30 09:25:06] cache.WARNING: Failed to clear the cache {"exception":"[object] (UnexpectedValueException(code: 0): RecursiveDirectoryIterator::__construct(/home/deolive1/public_html/cn/var/cache/prod/pools/nC9YAlmShG/): failed to open dir: No such file or directory at /home/deolive1/public_html/cn/vendor/symfony/symfony/src/Symfony/Component/Cache/Traits/FilesystemCommonTrait.php:58)"} []
[2019-04-30 09:25:06] cache.WARNING: Failed to clear the cache {"exception":"[object] (UnexpectedValueException(code: 0): RecursiveDirectoryIterator::__construct(/home/deolive1/public_html/cn/var/cache/prod/pools/C5pK5Z4ifk/): failed to open dir: No such file or directory at /home/deolive1/public_html/cn/vendor/symfony/symfony/src/Symfony/Component/Cache/Traits/FilesystemCommonTrait.php:58)"} []
[2019-04-30 09:25:06] cache.WARNING: Failed to clear the cache {"exception":"[object] (UnexpectedValueException(code: 0): RecursiveDirectoryIterator::__construct(/home/deolive1/public_html/cn/var/cache/prod/pools/xbIu8xlzQ2/): failed to open dir: No such file or directory at /home/deolive1/public_html/cn/vendor/symfony/symfony/src/Symfony/Component/Cache/Traits/FilesystemCommonTrait.php:58)"} []
[2019-04-30 09:25:06] security.DEBUG: Stored the security token in the session. {"key":"_security_main"} []
[2019-05-06 13:07:37] request.INFO: Matched route "admin_module_manage". {"route":"admin_module_manage","route_parameters":{"category":null,"keyword":null,"_controller":"PrestaShopBundle\\Controller\\Admin\\ModuleController::manageAction","_legacy_controller":"AdminModulesManage","_route":"admin_module_manage"},"request_uri":"https://www.deoliver.com/cn/backoffice/index.php/module/manage?_token=cXRjfSX0hdFb3y8oEbY7AGjWC1DdjspFn9w2FZbqnxw","method":"GET"} []
[2019-05-06 13:07:37] security.INFO: Populated the TokenStorage with an anonymous Token. [] []
[2019-05-06 13:07:43] app.ERROR: Data from PrestaShop Addons is invalid, and cannot fallback on cache.  {"exception":"cURL error 28: Operation timed out after 5001 milliseconds with 0 bytes received"} []
[2019-05-06 13:07:47] security.DEBUG: Stored the security token in the session. {"key":"_security_main"} []
